<?xml version="1.0" encoding="UTF-8"?>
<!-- Generated by org.testng.reporters.JUnitReportReporter -->
<testsuite hostname="192.168.1.111" failures="0" tests="1" name="org.jmunoz.selenium.tests.MercadoLibreTest" time="49.938" errors="0" timestamp="2023-05-08T23:59:53 UYT" skipped="0">
  <testcase classname="org.jmunoz.selenium.tests.MercadoLibreTest" name="getPrices" time="49.938"/>
  <system-out/>
</testsuite> <!-- org.jmunoz.selenium.tests.MercadoLibreTest -->
